  main.c
C:\Users\Administrator\source\repos\laba3\main.c(13,12): warning C4566: character represented by universal-character-name '\u0412' cannot be represented in the current code page (1252)
C:\Users\Administrator\source\repos\laba3\main.c(13,12): warning C4566: character represented by universal-character-name '\u0432' cannot be represented in the current code page (1252)
C:\Users\Administrator\source\repos\laba3\main.c(13,12): warning C4566: character represented by universal-character-name '\u0435' cannot be represented in the current code page (1252)
C:\Users\Administrator\source\repos\laba3\main.c(13,12): warning C4566: character represented by universal-character-name '\u0434' cannot be represented in the current code page (1252)
C:\Users\Administrator\source\repos\laba3\main.c(13,12): warning C4566: character represented by universal-character-name '\u0438' cannot be represented in the current code page (1252)
C:\Users\Administrator\source\repos\laba3\main.c(13,12): warning C4566: character represented by universal-character-name '\u0442' cannot be represented in the current code page (1252)
C:\Users\Administrator\source\repos\laba3\main.c(13,12): warning C4566: character represented by universal-character-name '\u043F' cannot be represented in the current code page (1252)
C:\Users\Administrator\source\repos\laba3\main.c(13,12): warning C4566: character represented by universal-character-name '\u0440' cannot be represented in the current code page (1252)
C:\Users\Administrator\source\repos\laba3\main.c(13,12): warning C4566: character represented by universal-character-name '\u043C' cannot be represented in the current code page (1252)
C:\Users\Administrator\source\repos\laba3\main.c(13,12): warning C4566: character represented by universal-character-name '\u043D' cannot be represented in the current code page (1252)
C:\Users\Administrator\source\repos\laba3\main.c(13,12): warning C4566: character represented by universal-character-name '\u044B' cannot be represented in the current code page (1252)
C:\Users\Administrator\source\repos\laba3\main.c(17,16): warning C4566: character represented by universal-character-name '\u041F' cannot be represented in the current code page (1252)
C:\Users\Administrator\source\repos\laba3\main.c(17,16): warning C4566: character represented by universal-character-name '\u0430' cannot be represented in the current code page (1252)
C:\Users\Administrator\source\repos\laba3\main.c(17,16): warning C4566: character represented by universal-character-name '\u0440' cannot be represented in the current code page (1252)
C:\Users\Administrator\source\repos\laba3\main.c(17,16): warning C4566: character represented by universal-character-name '\u043E' cannot be represented in the current code page (1252)
C:\Users\Administrator\source\repos\laba3\main.c(17,16): warning C4566: character represented by universal-character-name '\u0442' cannot be represented in the current code page (1252)
C:\Users\Administrator\source\repos\laba3\main.c(17,16): warning C4566: character represented by universal-character-name '\u0438' cannot be represented in the current code page (1252)
C:\Users\Administrator\source\repos\laba3\main.c(17,16): warning C4566: character represented by universal-character-name '\u0446' cannot be represented in the current code page (1252)
C:\Users\Administrator\source\repos\laba3\main.c(17,16): warning C4566: character represented by universal-character-name '\u0435' cannot be represented in the current code page (1252)
C:\Users\Administrator\source\repos\laba3\main.c(17,16): warning C4566: character represented by universal-character-name '\u043B' cannot be represented in the current code page (1252)
C:\Users\Administrator\source\repos\laba3\main.c(17,16): warning C4566: character represented by universal-character-name '\u044C' cannot be represented in the current code page (1252)
C:\Users\Administrator\source\repos\laba3\main.c(17,16): warning C4566: character represented by universal-character-name '\u043D' cannot be represented in the current code page (1252)
C:\Users\Administrator\source\repos\laba3\main.c(17,16): warning C4566: character represented by universal-character-name '\u044B' cannot be represented in the current code page (1252)
C:\Users\Administrator\source\repos\laba3\main.c(17,16): warning C4566: character represented by universal-character-name '\u0445' cannot be represented in the current code page (1252)
C:\Users\Administrator\source\repos\laba3\main.c(17,16): warning C4566: character represented by universal-character-name '\u0447' cannot be represented in the current code page (1252)
C:\Users\Administrator\source\repos\laba3\main.c(17,16): warning C4566: character represented by universal-character-name '\u0441' cannot be represented in the current code page (1252)
C:\Users\Administrator\source\repos\laba3\main.c(20,16): warning C4566: character represented by universal-character-name '\u041F' cannot be represented in the current code page (1252)
C:\Users\Administrator\source\repos\laba3\main.c(20,16): warning C4566: character represented by universal-character-name '\u0430' cannot be represented in the current code page (1252)
C:\Users\Administrator\source\repos\laba3\main.c(20,16): warning C4566: character represented by universal-character-name '\u0440' cannot be represented in the current code page (1252)
C:\Users\Administrator\source\repos\laba3\main.c(20,16): warning C4566: character represented by universal-character-name '\u043E' cannot be represented in the current code page (1252)
C:\Users\Administrator\source\repos\laba3\main.c(20,16): warning C4566: character represented by universal-character-name '\u0442' cannot be represented in the current code page (1252)
C:\Users\Administrator\source\repos\laba3\main.c(20,16): warning C4566: character represented by universal-character-name '\u0438' cannot be represented in the current code page (1252)
C:\Users\Administrator\source\repos\laba3\main.c(20,16): warning C4566: character represented by universal-character-name '\u0446' cannot be represented in the current code page (1252)
C:\Users\Administrator\source\repos\laba3\main.c(20,16): warning C4566: character represented by universal-character-name '\u0435' cannot be represented in the current code page (1252)
C:\Users\Administrator\source\repos\laba3\main.c(20,16): warning C4566: character represented by universal-character-name '\u043B' cannot be represented in the current code page (1252)
C:\Users\Administrator\source\repos\laba3\main.c(20,16): warning C4566: character represented by universal-character-name '\u044C' cannot be represented in the current code page (1252)
C:\Users\Administrator\source\repos\laba3\main.c(20,16): warning C4566: character represented by universal-character-name '\u043D' cannot be represented in the current code page (1252)
C:\Users\Administrator\source\repos\laba3\main.c(20,16): warning C4566: character represented by universal-character-name '\u044B' cannot be represented in the current code page (1252)
C:\Users\Administrator\source\repos\laba3\main.c(20,16): warning C4566: character represented by universal-character-name '\u0445' cannot be represented in the current code page (1252)
C:\Users\Administrator\source\repos\laba3\main.c(20,16): warning C4566: character represented by universal-character-name '\u0447' cannot be represented in the current code page (1252)
C:\Users\Administrator\source\repos\laba3\main.c(20,16): warning C4566: character represented by universal-character-name '\u0441' cannot be represented in the current code page (1252)
C:\Users\Administrator\source\repos\laba3\main.c(23,16): warning C4566: character represented by universal-character-name '\u041F' cannot be represented in the current code page (1252)
C:\Users\Administrator\source\repos\laba3\main.c(23,16): warning C4566: character represented by universal-character-name '\u0430' cannot be represented in the current code page (1252)
C:\Users\Administrator\source\repos\laba3\main.c(23,16): warning C4566: character represented by universal-character-name '\u0440' cannot be represented in the current code page (1252)
C:\Users\Administrator\source\repos\laba3\main.c(23,16): warning C4566: character represented by universal-character-name '\u043E' cannot be represented in the current code page (1252)
C:\Users\Administrator\source\repos\laba3\main.c(23,16): warning C4566: character represented by universal-character-name '\u0442' cannot be represented in the current code page (1252)
C:\Users\Administrator\source\repos\laba3\main.c(23,16): warning C4566: character represented by universal-character-name '\u0438' cannot be represented in the current code page (1252)
C:\Users\Administrator\source\repos\laba3\main.c(23,16): warning C4566: character represented by universal-character-name '\u0446' cannot be represented in the current code page (1252)
C:\Users\Administrator\source\repos\laba3\main.c(23,16): warning C4566: character represented by universal-character-name '\u0435' cannot be represented in the current code page (1252)
C:\Users\Administrator\source\repos\laba3\main.c(23,16): warning C4566: character represented by universal-character-name '\u043B' cannot be represented in the current code page (1252)
C:\Users\Administrator\source\repos\laba3\main.c(23,16): warning C4566: character represented by universal-character-name '\u044C' cannot be represented in the current code page (1252)
C:\Users\Administrator\source\repos\laba3\main.c(23,16): warning C4566: character represented by universal-character-name '\u043D' cannot be represented in the current code page (1252)
C:\Users\Administrator\source\repos\laba3\main.c(23,16): warning C4566: character represented by universal-character-name '\u044B' cannot be represented in the current code page (1252)
C:\Users\Administrator\source\repos\laba3\main.c(23,16): warning C4566: character represented by universal-character-name '\u0445' cannot be represented in the current code page (1252)
C:\Users\Administrator\source\repos\laba3\main.c(23,16): warning C4566: character represented by universal-character-name '\u0447' cannot be represented in the current code page (1252)
C:\Users\Administrator\source\repos\laba3\main.c(23,16): warning C4566: character represented by universal-character-name '\u0441' cannot be represented in the current code page (1252)
C:\Users\Administrator\source\repos\laba3\main.c(26,16): warning C4566: character represented by universal-character-name '\u041F' cannot be represented in the current code page (1252)
C:\Users\Administrator\source\repos\laba3\main.c(26,16): warning C4566: character represented by universal-character-name '\u0430' cannot be represented in the current code page (1252)
C:\Users\Administrator\source\repos\laba3\main.c(26,16): warning C4566: character represented by universal-character-name '\u0440' cannot be represented in the current code page (1252)
C:\Users\Administrator\source\repos\laba3\main.c(26,16): warning C4566: character represented by universal-character-name '\u043E' cannot be represented in the current code page (1252)
C:\Users\Administrator\source\repos\laba3\main.c(26,16): warning C4566: character represented by universal-character-name '\u0442' cannot be represented in the current code page (1252)
C:\Users\Administrator\source\repos\laba3\main.c(26,16): warning C4566: character represented by universal-character-name '\u0438' cannot be represented in the current code page (1252)
C:\Users\Administrator\source\repos\laba3\main.c(26,16): warning C4566: character represented by universal-character-name '\u0446' cannot be represented in the current code page (1252)
C:\Users\Administrator\source\repos\laba3\main.c(26,16): warning C4566: character represented by universal-character-name '\u0435' cannot be represented in the current code page (1252)
C:\Users\Administrator\source\repos\laba3\main.c(26,16): warning C4566: character represented by universal-character-name '\u043B' cannot be represented in the current code page (1252)
C:\Users\Administrator\source\repos\laba3\main.c(26,16): warning C4566: character represented by universal-character-name '\u044C' cannot be represented in the current code page (1252)
C:\Users\Administrator\source\repos\laba3\main.c(26,16): warning C4566: character represented by universal-character-name '\u043D' cannot be represented in the current code page (1252)
C:\Users\Administrator\source\repos\laba3\main.c(26,16): warning C4566: character represented by universal-character-name '\u044B' cannot be represented in the current code page (1252)
C:\Users\Administrator\source\repos\laba3\main.c(26,16): warning C4566: character represented by universal-character-name '\u0445' cannot be represented in the current code page (1252)
C:\Users\Administrator\source\repos\laba3\main.c(26,16): warning C4566: character represented by universal-character-name '\u0447' cannot be represented in the current code page (1252)
C:\Users\Administrator\source\repos\laba3\main.c(26,16): warning C4566: character represented by universal-character-name '\u0441' cannot be represented in the current code page (1252)
C:\Users\Administrator\source\repos\laba3\main.c(29,16): warning C4566: character represented by universal-character-name '\u041F' cannot be represented in the current code page (1252)
C:\Users\Administrator\source\repos\laba3\main.c(29,16): warning C4566: character represented by universal-character-name '\u0430' cannot be represented in the current code page (1252)
C:\Users\Administrator\source\repos\laba3\main.c(29,16): warning C4566: character represented by universal-character-name '\u0440' cannot be represented in the current code page (1252)
C:\Users\Administrator\source\repos\laba3\main.c(29,16): warning C4566: character represented by universal-character-name '\u043E' cannot be represented in the current code page (1252)
C:\Users\Administrator\source\repos\laba3\main.c(29,16): warning C4566: character represented by universal-character-name '\u0442' cannot be represented in the current code page (1252)
C:\Users\Administrator\source\repos\laba3\main.c(29,16): warning C4566: character represented by universal-character-name '\u0438' cannot be represented in the current code page (1252)
C:\Users\Administrator\source\repos\laba3\main.c(29,16): warning C4566: character represented by universal-character-name '\u0446' cannot be represented in the current code page (1252)
C:\Users\Administrator\source\repos\laba3\main.c(29,16): warning C4566: character represented by universal-character-name '\u0435' cannot be represented in the current code page (1252)
C:\Users\Administrator\source\repos\laba3\main.c(29,16): warning C4566: character represented by universal-character-name '\u043B' cannot be represented in the current code page (1252)
C:\Users\Administrator\source\repos\laba3\main.c(29,16): warning C4566: character represented by universal-character-name '\u044C' cannot be represented in the current code page (1252)
C:\Users\Administrator\source\repos\laba3\main.c(29,16): warning C4566: character represented by universal-character-name '\u043D' cannot be represented in the current code page (1252)
C:\Users\Administrator\source\repos\laba3\main.c(29,16): warning C4566: character represented by universal-character-name '\u044B' cannot be represented in the current code page (1252)
C:\Users\Administrator\source\repos\laba3\main.c(29,16): warning C4566: character represented by universal-character-name '\u0445' cannot be represented in the current code page (1252)
C:\Users\Administrator\source\repos\laba3\main.c(29,16): warning C4566: character represented by universal-character-name '\u0447' cannot be represented in the current code page (1252)
C:\Users\Administrator\source\repos\laba3\main.c(29,16): warning C4566: character represented by universal-character-name '\u0441' cannot be represented in the current code page (1252)
C:\Users\Administrator\source\repos\laba3\main.c(32,16): warning C4566: character represented by universal-character-name '\u041F' cannot be represented in the current code page (1252)
C:\Users\Administrator\source\repos\laba3\main.c(32,16): warning C4566: character represented by universal-character-name '\u0430' cannot be represented in the current code page (1252)
C:\Users\Administrator\source\repos\laba3\main.c(32,16): warning C4566: character represented by universal-character-name '\u0440' cannot be represented in the current code page (1252)
C:\Users\Administrator\source\repos\laba3\main.c(32,16): warning C4566: character represented by universal-character-name '\u043E' cannot be represented in the current code page (1252)
C:\Users\Administrator\source\repos\laba3\main.c(32,16): warning C4566: character represented by universal-character-name '\u0442' cannot be represented in the current code page (1252)
C:\Users\Administrator\source\repos\laba3\main.c(32,16): warning C4566: character represented by universal-character-name '\u0438' cannot be represented in the current code page (1252)
C:\Users\Administrator\source\repos\laba3\main.c(32,16): warning C4566: character represented by universal-character-name '\u0446' cannot be represented in the current code page (1252)
C:\Users\Administrator\source\repos\laba3\main.c(32,16): warning C4566: character represented by universal-character-name '\u0435' cannot be represented in the current code page (1252)
C:\Users\Administrator\source\repos\laba3\main.c(32,16): warning C4566: character represented by universal-character-name '\u043B' cannot be represented in the current code page (1252)
C:\Users\Administrator\source\repos\laba3\main.c(32,16): warning C4566: character represented by universal-character-name '\u044C' cannot be represented in the current code page (1252)
C:\Users\Administrator\source\repos\laba3\main.c(32,16): warning C4566: character represented by universal-character-name '\u043D' cannot be represented in the current code page (1252)
C:\Users\Administrator\source\repos\laba3\main.c(32,16): warning C4566: character represented by universal-character-name '\u044B' cannot be represented in the current code page (1252)
C:\Users\Administrator\source\repos\laba3\main.c(32,16): warning C4566: character represented by universal-character-name '\u0445' cannot be represented in the current code page (1252)
C:\Users\Administrator\source\repos\laba3\main.c(32,16): warning C4566: character represented by universal-character-name '\u0447' cannot be represented in the current code page (1252)
C:\Users\Administrator\source\repos\laba3\main.c(32,16): warning C4566: character represented by universal-character-name '\u0441' cannot be represented in the current code page (1252)
  Generating code
  Previous IPDB not found, fall back to full compilation.
  All 7 functions were compiled because no usable IPDB/IOBJ from previous compilation was found.
  Finished generating code
  laba3.vcxproj -> C:\Users\Administrator\source\repos\laba3\x64\Release\laba3.exe
